Change Physical Footprint: Designator=C1 Old Footprint=Chip2PinSM127P600-8N(E) New Footprint=Chip2PinSM127P600-8N(E)
Change Physical Footprint: Designator=C2 Old Footprint=Chip2PinSM127P600-8N(E) New Footprint=Chip2PinSM127P600-8N(E)
Change Physical Footprint: Designator=C3 Old Footprint=CAPC3419X15N(1206) New Footprint=CAPC3419X15N(1206)
Change Physical Footprint: Designator=C4 Old Footprint=CAPC3419X15N(1206) New Footprint=CAPC3419X15N(1206)
Change Physical Footprint: Designator=C5 Old Footprint=CAPC3419X15N(1206) New Footprint=CAPC3419X15N(1206)
Change Physical Footprint: Designator=C6 Old Footprint=CAPC3419X15N(1206) New Footprint=CAPC3419X15N(1206)
Change Physical Footprint: Designator=C7 Old Footprint=CAPC3419X15N(1206) New Footprint=CAPC3419X15N(1206)
Change Physical Footprint: Designator=C8 Old Footprint=CAPC1608X09N (0603) New Footprint=CAPC1608X09N (0603)
Change Physical Footprint: Designator=C9 Old Footprint=CAPC1608X09N (0603) New Footprint=CAPC1608X09N (0603)
Change Physical Footprint: Designator=C10 Old Footprint=CAPC3419X15N(1206) New Footprint=CAPC3419X15N(1206)
Change Physical Footprint: Designator=C11 Old Footprint=CAPC3419X15N(1206) New Footprint=CAPC3419X15N(1206)
Change Physical Footprint: Designator=C12 Old Footprint=CAPC3419X15N(1206) New Footprint=CAPC3419X15N(1206)
Change Physical Footprint: Designator=C13 Old Footprint=CAPC3419X15N(1206) New Footprint=CAPC3419X15N(1206)
Change Physical Footprint: Designator=C14 Old Footprint=Chip2PinSM127P600-8N(E) New Footprint=Chip2PinSM127P600-8N(E)
Change Physical Footprint: Designator=C15 Old Footprint=CAPC3419X15N(1206) New Footprint=CAPC3419X15N(1206)
Change Physical Footprint: Designator=C16 Old Footprint=CAPC3419X15N(1206) New Footprint=CAPC3419X15N(1206)
Change Physical Footprint: Designator=C17 Old Footprint=CAPC3419X15N(1206) New Footprint=CAPC3419X15N(1206)
Change Physical Footprint: Designator=C18 Old Footprint=CAPC3419X15N(1206) New Footprint=CAPC3419X15N(1206)
Change Physical Footprint: Designator=C19 Old Footprint=CAPC3419X15N(1206) New Footprint=CAPC3419X15N(1206)
Change Physical Footprint: Designator=DA1 Old Footprint=йр-28ю-2.01 New Footprint=йр-28ю-2.01
Change Physical Footprint: Designator=DA2 Old Footprint=1986бе92с New Footprint=1986бе92с
Change Physical Footprint: Designator=DD1 Old Footprint=5559хм4с New Footprint=5559хм4с
Change Physical Footprint: Designator=R1 Old Footprint=RESC1608X05N (0603) New Footprint=RESC1608X05N (0603)
Change Physical Footprint: Designator=R2 Old Footprint=RESC1608X05N (0603) New Footprint=RESC1608X05N (0603)
Change Physical Footprint: Designator=R3 Old Footprint=RESC1608X05N (0603) New Footprint=RESC1608X05N (0603)
Change Physical Footprint: Designator=R4 Old Footprint=RESC1608X05N (0603) New Footprint=RESC1608X05N (0603)
Change Physical Footprint: Designator=R5 Old Footprint=RESC1608X05N (0603) New Footprint=RESC1608X05N (0603)
Change Physical Footprint: Designator=R6 Old Footprint=RESC1608X05N (0603) New Footprint=RESC1608X05N (0603)
Change Physical Footprint: Designator=R7 Old Footprint=RESC1608X05N (0603) New Footprint=RESC1608X05N (0603)
Change Physical Footprint: Designator=R8 Old Footprint=RESC1608X05N (0603) New Footprint=RESC1608X05N (0603)
Change Physical Footprint: Designator=R9 Old Footprint=RESC1608X05N (0603) New Footprint=RESC1608X05N (0603)
Change Physical Footprint: Designator=R10 Old Footprint=RESC1608X05N (0603) New Footprint=RESC1608X05N (0603)
Change Physical Footprint: Designator=R11 Old Footprint=RESC1608X05N (0603) New Footprint=RESC1608X05N (0603)
Change Physical Footprint: Designator=R12 Old Footprint=RESC1608X05N (0603) New Footprint=RESC1608X05N (0603)
Change Physical Footprint: Designator=R13 Old Footprint=RESC1608X05N (0603) New Footprint=RESC1608X05N (0603)
Change Physical Footprint: Designator=R14 Old Footprint=RESC1608X05N (0603) New Footprint=RESC1608X05N (0603)
Change Physical Footprint: Designator=R15 Old Footprint=RESC1608X05N (0603) New Footprint=RESC1608X05N (0603)
Change Physical Footprint: Designator=R16 Old Footprint=RESC1608X05N (0603) New Footprint=RESC1608X05N (0603)
Change Physical Footprint: Designator=R17 Old Footprint=RESC1608X05N (0603) New Footprint=RESC1608X05N (0603)
Change Physical Footprint: Designator=R18 Old Footprint=RESC1608X05N (0603) New Footprint=RESC1608X05N (0603)
Change Physical Footprint: Designator=R19 Old Footprint=RESC1608X05N (0603) New Footprint=RESC1608X05N (0603)
Change Physical Footprint: Designator=R20 Old Footprint=RESC1608X05N (0603) New Footprint=RESC1608X05N (0603)
Change Physical Footprint: Designator=R21 Old Footprint=RESC1608X05N (0603) New Footprint=RESC1608X05N (0603)
Change Physical Footprint: Designator=R22 Old Footprint=RESC1608X05N (0603) New Footprint=RESC1608X05N (0603)
Change Physical Footprint: Designator=R23 Old Footprint=RESC1608X05N (0603) New Footprint=RESC1608X05N (0603)
Change Physical Footprint: Designator=R24 Old Footprint=RESC1608X05N (0603) New Footprint=RESC1608X05N (0603)
Change Physical Footprint: Designator=R25 Old Footprint=RESC1608X05N (0603) New Footprint=RESC1608X05N (0603)
Change Physical Footprint: Designator=R26 Old Footprint=RESC1608X05N (0603) New Footprint=RESC1608X05N (0603)
Change Physical Footprint: Designator=R27 Old Footprint=RESC1608X05N (0603) New Footprint=RESC1608X05N (0603)
Change Physical Footprint: Designator=R28 Old Footprint=RESC1608X05N (0603) New Footprint=RESC1608X05N (0603)
Change Physical Footprint: Designator=R29 Old Footprint=RESC1608X05N (0603) New Footprint=RESC1608X05N (0603)
Change Physical Footprint: Designator=R30 Old Footprint=RESC1608X05N (0603) New Footprint=RESC1608X05N (0603)
Change Physical Footprint: Designator=R31 Old Footprint=RESC1608X05N (0603) New Footprint=RESC1608X05N (0603)
Change Physical Footprint: Designator=R32 Old Footprint=RESC1608X05N (0603) New Footprint=RESC1608X05N (0603)
Change Physical Footprint: Designator=R33 Old Footprint=RESC1608X05N (0603) New Footprint=RESC1608X05N (0603)
Change Physical Footprint: Designator=R34 Old Footprint=RESC1608X05N (0603) New Footprint=RESC1608X05N (0603)
Change Physical Footprint: Designator=R35 Old Footprint=RESC1608X05N (0603) New Footprint=RESC1608X05N (0603)
Change Physical Footprint: Designator=R36 Old Footprint=RESC1608X05N (0603) New Footprint=RESC1608X05N (0603)
Change Physical Footprint: Designator=R37 Old Footprint=RESC1608X05N (0603) New Footprint=RESC1608X05N (0603)
Change Physical Footprint: Designator=R38 Old Footprint=RESC1608X05N (0603) New Footprint=RESC1608X05N (0603)
Change Physical Footprint: Designator=R39 Old Footprint=RESC1608X05N (0603) New Footprint=RESC1608X05N (0603)
Change Physical Footprint: Designator=R40 Old Footprint=RESC1608X05N (0603) New Footprint=RESC1608X05N (0603)
Change Physical Footprint: Designator=R41 Old Footprint=RESC1608X05N (0603) New Footprint=RESC1608X05N (0603)
Change Physical Footprint: Designator=R42 Old Footprint=RESC1608X05N (0603) New Footprint=RESC1608X05N (0603)
Change Physical Footprint: Designator=R43 Old Footprint=RESC1608X05N (0603) New Footprint=RESC1608X05N (0603)
Change Physical Footprint: Designator=R44 Old Footprint=RESC1608X05N (0603) New Footprint=RESC1608X05N (0603)
Change Physical Footprint: Designator=R45 Old Footprint=RESC1608X05N (0603) New Footprint=RESC1608X05N (0603)
Change Physical Footprint: Designator=R46 Old Footprint=RESC1608X05N (0603) New Footprint=RESC1608X05N (0603)
Change Physical Footprint: Designator=R47 Old Footprint=RESC1608X05N (0603) New Footprint=RESC1608X05N (0603)
Change Physical Footprint: Designator=R48 Old Footprint=RESC1608X05N (0603) New Footprint=RESC1608X05N (0603)
Change Physical Footprint: Designator=SA1 Old Footprint=DS1040-02RN New Footprint=DS1040-02RN
Change Physical Footprint: Designator=VD1 Old Footprint=2я127д-1 New Footprint=2я127д-1
Change Physical Footprint: Designator=VD2 Old Footprint=2я127д-1 New Footprint=2я127д-1
Change Physical Footprint: Designator=VD3 Old Footprint=2я127д-1 New Footprint=2я127д-1
Change Physical Footprint: Designator=VD4 Old Footprint=2я127д-1 New Footprint=2я127д-1
Change Physical Footprint: Designator=VD5 Old Footprint=2я127д-1 New Footprint=2я127д-1
Change Physical Footprint: Designator=VD6 Old Footprint=3к341а New Footprint=3к341а
Change Physical Footprint: Designator=VD7 Old Footprint=3к341а New Footprint=3к341а
Change Physical Footprint: Designator=VD8 Old Footprint=3к341а New Footprint=3к341а
Change Physical Footprint: Designator=VT1 Old Footprint=SOT100P230X95-3N (2T368A9) New Footprint=SOT100P230X95-3N (2T368A9)
Change Physical Footprint: Designator=X1 Old Footprint=ямо268-25по32-1-4-б New Footprint=ямо268-25по32-1-4-б
Change Physical Footprint: Designator=X2 Old Footprint=цпол9-62ьс2-б New Footprint=цпол9-62ьс2-б
Change Physical Footprint: Designator=X3 Old Footprint=HYR-1149 New Footprint=HYR-1149
Change Physical Footprint: Designator=X4 Old Footprint=HYR-1149 New Footprint=HYR-1149
Change Physical Footprint: Designator=X5 Old Footprint=ямо347-20бо22-б New Footprint=ямо347-20бо22-б
Change Physical Footprint: Designator=X6 Old Footprint=ямо268-9бо32-1-4-б New Footprint=ямо268-9бо32-1-4-б
Change Physical Footprint: Designator=ZQ1 Old Footprint=пй456 New Footprint=пй456
Change Physical Footprint: Designator=я1 Old Footprint=CAPC3419X15N(1206) New Footprint=CAPC3419X15N(1206)
