Added Component: Designator=X?(ÃĞÏÌ9-62ØÓ2-Â)
Add component (AddParameter): Name = "manufacture"; Value = "Êå0.364.009ÒÓ"; VariantName = "[No Variations]"
Add component (AddParameter): Name = "name_main"; Value = "ÃĞÏÌ9-62ØÓ2-Â"; VariantName = "[No Variations]"
Added Component: Designator=X?(ÃĞÏÌ9-62ØÓ2-Â)
Add component (AddParameter): Name = "manufacture"; Value = "Êå0.364.009ÒÓ"; VariantName = "[No Variations]"
Add component (AddParameter): Name = "name_main"; Value = "ÃĞÏÌ9-62ØÓ2-Â"; VariantName = "[No Variations]"
Added Pin To Net: NetName=GND Pin=X?-1B
Added Pin To Net: NetName=Èìï. 0 Pin=X?-2A
Added Pin To Net: NetName=Èìï. 1 Pin=X?-2B
Added Pin To Net: NetName=Èìï. 2 Pin=X?-3A
Added Pin To Net: NetName=Èìï. 3 Pin=X?-3B
Added Pin To Net: NetName=Èìï. 4 Pin=X?-4A
Added Pin To Net: NetName=Ğåæèì Pin=X?-4B
Added Pin To Net: NetName=Èìï. 5 Pin=X?-5A
Added Pin To Net: NetName=Èìï. 6 Pin=X?-5B
Added Pin To Net: NetName=Èìï. 3ÌÃö Pin=X?-6A
Added Pin To Net: NetName=Èìï. ÏÇ ÀÏÄ Pin=X?-6B
Added Pin To Net: NetName=Èìï. 1 ÏĞÄ 1ê Pin=X?-7A
Added Pin To Net: NetName=Èìï. 1 ÏĞÄ 2ê Pin=X?-7B
Added Pin To Net: NetName=Ïğèçí. 1ìêñ Pin=X?-8A
Added Pin To Net: NetName=Ïğèçí. 2ìêñ Pin=X?-8B
Added Pin To Net: NetName=Âíåø. çàï. ëîã. 1 Pin=X?-13A
Added Pin To Net: NetName=Èìï. 3ÌÃö èíâ. Pin=X?-14B
Added Pin To Net: NetName=Èìï. 3ÌÃö Pin=X?-20A
Added Pin To Net: NetName=+27Â âêë. 2ìêñ Pin=X?-24A
Added Pin To Net: NetName=+27Â 2ìêñ Pin=X?-24B
Added Pin To Net: NetName=Ëîã.1 Pin=X?-27B
Added Pin To Net: NetName=Âíåø. çàï. ëîã. 1 Pin=X?-28A
Added Pin To Net: NetName=Èìï. 3ÌÃö Pin=X?-28B
Added Pin To Net: NetName=Âíåø. çàï. 15Â Pin=X?-29B
Added Pin To Net: NetName=+5Â Pin=X?-30A
Added Pin To Net: NetName=+5Â Pin=X?-30B
Added Pin To Net: NetName=GND Pin=X?-31B
Added Member To Class: ClassName=RB2_My Member=Component X? ÃĞÏÌ9-62ØÓ2-Â
Added Member To Class: ClassName=RB2_My Member=Component X? ÃĞÏÌ9-62ØÓ2-Â
