Removed Pin From Net: NetName=Имп. 3МГц Pin=R1-2
Removed Pin From Net: NetName=Имп. 0 Pin=R2-2
Removed Pin From Net: NetName=Имп. 1 Pin=R3-2
Removed Pin From Net: NetName=Имп. 2 Pin=R4-2
Removed Pin From Net: NetName=Имп. 3 Pin=R5-2
Removed Pin From Net: NetName=Имп. 4 Pin=R6-2
Removed Pin From Net: NetName=Имп. 5 Pin=R7-2
Removed Pin From Net: NetName=Имп. 6 Pin=R8-2
Removed Pin From Net: NetName=Имп. ПЗ АПД Pin=R9-2
Removed Pin From Net: NetName=Имп. 1 ПРД 1к Pin=R10-2
Removed Pin From Net: NetName=Имп. 1 ПРД 2к Pin=R11-2
Removed Pin From Net: NetName=Призн. 1мкс Pin=R12-2
Removed Pin From Net: NetName=Призн. 2мкс Pin=R13-2
Removed Pin From Net: NetName=+27В 2мкс Pin=R14-2
Removed Pin From Net: NetName=Лог.1 Pin=R15-2
Removed Pin From Net: NetName=Внеш. зап. 15В Pin=R16-2
Removed Pin From Net: NetName=Внеш. зап. лог. 1 Pin=R17-2
Removed Pin From Net: NetName=Режим Pin=R18-2
Removed Pin From Net: NetName=+27В вкл. 2мкс Pin=R19-2
Added Pin To Net: NetName=Имп. 0 Pin=R1-2
Added Pin To Net: NetName=Имп. 2 Pin=R2-2
Added Pin To Net: NetName=Имп. 4 Pin=R3-2
Added Pin To Net: NetName=Имп. 6 Pin=R4-2
Added Pin To Net: NetName=Имп. 3МГц Pin=R5-2
Added Pin To Net: NetName=Имп. 1 ПРД 1к Pin=R6-2
Added Pin To Net: NetName=Призн. 1мкс Pin=R7-2
Added Pin To Net: NetName=Призн. 2мкс Pin=R8-2
Added Pin To Net: NetName=Лог.1 Pin=R9-2
Added Pin To Net: NetName=Внеш. зап. 15В Pin=R10-2
Added Pin To Net: NetName=Внеш. зап. лог. 1 Pin=R11-2
Added Pin To Net: NetName=+27В 2мкс Pin=R12-2
Added Pin To Net: NetName=+27В вкл. 2мкс Pin=R13-2
Added Pin To Net: NetName=Имп. 1 Pin=R14-2
Added Pin To Net: NetName=Имп. 3 Pin=R15-2
Added Pin To Net: NetName=Режим Pin=R16-2
Added Pin To Net: NetName=Имп. 5 Pin=R17-2
Added Pin To Net: NetName=Имп. ПЗ АПД Pin=R18-2
Added Pin To Net: NetName=Имп. 1 ПРД 2к Pin=R19-2
Added Member To Class: ClassName=RB2_My Member=Component R1 Р1-12-0,1-05%
Added Member To Class: ClassName=RB2_My Member=Component R2 Р1-12-0,1-05%
Added Member To Class: ClassName=RB2_My Member=Component R3 Р1-12-0,1-05%
Added Member To Class: ClassName=RB2_My Member=Component R4 Р1-12-0,1-05%
Added Member To Class: ClassName=RB2_My Member=Component R5 Р1-12-0,1-05%
Added Member To Class: ClassName=RB2_My Member=Component R6 Р1-12-0,1-05%
Added Member To Class: ClassName=RB2_My Member=Component R7 Р1-12-0,1-05%
Added Member To Class: ClassName=RB2_My Member=Component R8 Р1-12-0,1-05%
Added Member To Class: ClassName=RB2_My Member=Component R9 Р1-12-0,1-05%
Added Member To Class: ClassName=RB2_My Member=Component R10 Р1-12-0,1-05%
Added Member To Class: ClassName=RB2_My Member=Component R11 Р1-12-0,1-05%
Added Member To Class: ClassName=RB2_My Member=Component R12 Р1-12-0,1-05%
Added Member To Class: ClassName=RB2_My Member=Component R13 Р1-12-0,1-05%
Added Member To Class: ClassName=RB2_My Member=Component R14 Р1-12-0,1-05%
Added Member To Class: ClassName=RB2_My Member=Component R15 Р1-12-0,1-05%
Added Member To Class: ClassName=RB2_My Member=Component R16 Р1-12-0,1-05%
Added Member To Class: ClassName=RB2_My Member=Component R17 Р1-12-0,1-05%
Added Member To Class: ClassName=RB2_My Member=Component R18 Р1-12-0,1-05%
Added Member To Class: ClassName=RB2_My Member=Component R19 Р1-12-0,1-05%
Added Member To Class: ClassName=RB2_My Member=Component R20 Р1-12-0,125-10кОм5%
Added Member To Class: ClassName=RB2_My Member=Component R22 Р1-12-0,1-505%
Added Member To Class: ClassName=RB2_My Member=Component R24 Р1-12-0,125-560Ом5%
Added Member To Class: ClassName=RB2_My Member=Component R26 Р1-12-0,125-10кОм5%
Added Member To Class: ClassName=RB2_My Member=Component R28 Р1-12-0,125-10кОм5%
Added Member To Class: ClassName=RB2_My Member=Component R30 Р1-12-0,1-0,155%
Added Member To Class: ClassName=RB2_My Member=Component R32 Р1-12-0,1-1,8кОм5%
Added Member To Class: ClassName=RB2_My Member=Component R34 Р1-12-0,1-1кОм5%
Added Member To Class: ClassName=RB2_My Member=Component R36 Р1-12-0,1-1,8кОм5%
Added Member To Class: ClassName=RB2_My Member=Component R38 Р1-12-0,125-10кОм5%
Added Member To Class: ClassName=RB2_My Member=Component R40 Р1-12-0,125-2705%
Added Member To Class: ClassName=RB2_My Member=Component R42 Р1-12-0,125-2705%
Added Member To Class: ClassName=RB2_My Member=Component R44 Р1-12-0,125-10кОм5%
Added Member To Class: ClassName=RB2_My Member=Component R46 Р1-12-0,125-10кОм5%
Added Member To Class: ClassName=RB2_My Member=Component R48 Р1-12-0,125-1к5%
