Removed Pin From Net: NetName=Èìï. 3ÌÃö Pin=X1-1
Removed Pin From Net: NetName=Èìï. 0 Pin=X1-2
Removed Pin From Net: NetName=Èìï. 1 Pin=X1-3
Removed Pin From Net: NetName=Èìï. 2 Pin=X1-4
Removed Pin From Net: NetName=Èìï. 3 Pin=X1-5
Removed Pin From Net: NetName=Èìï. 4 Pin=X1-6
Removed Pin From Net: NetName=Èìï. 5 Pin=X1-7
Removed Pin From Net: NetName=Èìï. 6 Pin=X1-8
Removed Pin From Net: NetName=Èìï. ÏÇ ÀÏÄ Pin=X1-9
Removed Pin From Net: NetName=Èìï. 1 ÏÐÄ 1ê Pin=X1-10
Removed Pin From Net: NetName=Èìï. 1 ÏÐÄ 2ê Pin=X1-11
Removed Pin From Net: NetName=Ïðèçí. 1ìêñ Pin=X1-12
Removed Pin From Net: NetName=Ïðèçí. 2ìêñ Pin=X1-13
Removed Pin From Net: NetName=+27Â 2ìêñ Pin=X1-14
Removed Pin From Net: NetName=Ëîã.1 Pin=X1-15
Removed Pin From Net: NetName=Âíåø. çàï. 15Â Pin=X1-16
Removed Pin From Net: NetName=Âíåø. çàï. ëîã. 1 Pin=X1-17
Removed Pin From Net: NetName=Ðåæèì Pin=X1-18
Removed Pin From Net: NetName=+27Â âêë. 2ìêñ Pin=X1-19
Change Component Designator: OldDesignator=R1 NewDesignator=R20
Change Component Designator: OldDesignator=R2 NewDesignator=R21
Change Component Designator: OldDesignator=R3 NewDesignator=R22
Change Component Designator: OldDesignator=R4 NewDesignator=R23
Change Component Designator: OldDesignator=R5 NewDesignator=R24
Change Component Designator: OldDesignator=R6 NewDesignator=R25
Change Component Designator: OldDesignator=R7 NewDesignator=R26
Change Component Designator: OldDesignator=R8 NewDesignator=R27
Change Component Designator: OldDesignator=R9 NewDesignator=R28
Change Component Designator: OldDesignator=R10 NewDesignator=R29
Change Component Designator: OldDesignator=R11 NewDesignator=R30
Change Component Designator: OldDesignator=R12 NewDesignator=R31
Change Component Designator: OldDesignator=R13 NewDesignator=R32
Change Component Designator: OldDesignator=R14 NewDesignator=R33
Change Component Designator: OldDesignator=R15 NewDesignator=R34
Change Component Designator: OldDesignator=R16 NewDesignator=R35
Change Component Designator: OldDesignator=R17 NewDesignator=R36
Change Component Designator: OldDesignator=R18 NewDesignator=R37
Change Component Designator: OldDesignator=R19 NewDesignator=R38
Change Component Designator: OldDesignator=R20 NewDesignator=R39
Change Component Designator: OldDesignator=R21 NewDesignator=R40
Change Component Designator: OldDesignator=R22 NewDesignator=R41
Change Component Designator: OldDesignator=R23 NewDesignator=R42
Change Component Designator: OldDesignator=R24 NewDesignator=R43
Change Component Designator: OldDesignator=R25 NewDesignator=R44
Change Component Designator: OldDesignator=R26 NewDesignator=R45
Change Component Designator: OldDesignator=R27 NewDesignator=R46
Change Component Designator: OldDesignator=R28 NewDesignator=R47
Change Component Designator: OldDesignator=R29 NewDesignator=R48
Change Component Designator: OldDesignator=R30 NewDesignator=R49
Change Component Designator: OldDesignator=R31 NewDesignator=R50
Change Component Designator: OldDesignator=R32 NewDesignator=R51
Change Component Designator: OldDesignator=R33 NewDesignator=R52
Change Component Designator: OldDesignator=R34 NewDesignator=R53
Change Component Designator: OldDesignator=R35 NewDesignator=R54
Change Component Designator: OldDesignator=R36 NewDesignator=R55
Change Component Designator: OldDesignator=R37 NewDesignator=R56
Change Component Designator: OldDesignator=R38 NewDesignator=R57
Change Component Designator: OldDesignator=R39 NewDesignator=R58
Change Component Designator: OldDesignator=R40 NewDesignator=R59
Change Component Designator: OldDesignator=R41 NewDesignator=R60
Change Component Designator: OldDesignator=R42 NewDesignator=R61
Change Component Designator: OldDesignator=R43 NewDesignator=R62
Change Component Designator: OldDesignator=R44 NewDesignator=R63
Change Component Designator: OldDesignator=R45 NewDesignator=R64
Change Component Designator: OldDesignator=R46 NewDesignator=R65
Change Component Designator: OldDesignator=R47 NewDesignator=R66
Change Component Designator: OldDesignator=R48 NewDesignator=R67
Added Component: Designator=R1(RESC1608X05N (0603))
Add component (AddParameter): Name = "Manufacturer"; Value = "ÀËßÐ.434110.005ÒÓ"; VariantName = "[No Variations]"
Add component (AddParameter): Name = "Name"; Value = "Ðåçèñòîð"; VariantName = "[No Variations]"
Add component (AddParameter): Name = "name_main"; Value = "Ð1-12-0,1-"; VariantName = "[No Variations]"
Add component (AddParameter): Name = "nameSuf"; Value = ""; VariantName = "[No Variations]"
Add component (AddParameter): Name = "Tolerance"; Value = "5%"; VariantName = "[No Variations]"
Add component (AddParameter): Name = "Units"; Value = ""; VariantName = "[No Variations]"
Add component (AddParameter): Name = "Value"; Value = "0"; VariantName = "[No Variations]"
Added Component: Designator=R2(RESC1608X05N (0603))
Add component (AddParameter): Name = "Manufacturer"; Value = "ÀËßÐ.434110.005ÒÓ"; VariantName = "[No Variations]"
Add component (AddParameter): Name = "Name"; Value = "Ðåçèñòîð"; VariantName = "[No Variations]"
Add component (AddParameter): Name = "name_main"; Value = "Ð1-12-0,1-"; VariantName = "[No Variations]"
Add component (AddParameter): Name = "nameSuf"; Value = ""; VariantName = "[No Variations]"
Add component (AddParameter): Name = "Tolerance"; Value = "5%"; VariantName = "[No Variations]"
Add component (AddParameter): Name = "Units"; Value = ""; VariantName = "[No Variations]"
Add component (AddParameter): Name = "Value"; Value = "0"; VariantName = "[No Variations]"
Added Component: Designator=R3(RESC1608X05N (0603))
Add component (AddParameter): Name = "Manufacturer"; Value = "ÀËßÐ.434110.005ÒÓ"; VariantName = "[No Variations]"
Add component (AddParameter): Name = "Name"; Value = "Ðåçèñòîð"; VariantName = "[No Variations]"
Add component (AddParameter): Name = "name_main"; Value = "Ð1-12-0,1-"; VariantName = "[No Variations]"
Add component (AddParameter): Name = "nameSuf"; Value = ""; VariantName = "[No Variations]"
Add component (AddParameter): Name = "Tolerance"; Value = "5%"; VariantName = "[No Variations]"
Add component (AddParameter): Name = "Units"; Value = ""; VariantName = "[No Variations]"
Add component (AddParameter): Name = "Value"; Value = "0"; VariantName = "[No Variations]"
Added Component: Designator=R4(RESC1608X05N (0603))
Add component (AddParameter): Name = "Manufacturer"; Value = "ÀËßÐ.434110.005ÒÓ"; VariantName = "[No Variations]"
Add component (AddParameter): Name = "Name"; Value = "Ðåçèñòîð"; VariantName = "[No Variations]"
Add component (AddParameter): Name = "name_main"; Value = "Ð1-12-0,1-"; VariantName = "[No Variations]"
Add component (AddParameter): Name = "nameSuf"; Value = ""; VariantName = "[No Variations]"
Add component (AddParameter): Name = "Tolerance"; Value = "5%"; VariantName = "[No Variations]"
Add component (AddParameter): Name = "Units"; Value = ""; VariantName = "[No Variations]"
Add component (AddParameter): Name = "Value"; Value = "0"; VariantName = "[No Variations]"
Added Component: Designator=R5(RESC1608X05N (0603))
Add component (AddParameter): Name = "Manufacturer"; Value = "ÀËßÐ.434110.005ÒÓ"; VariantName = "[No Variations]"
Add component (AddParameter): Name = "Name"; Value = "Ðåçèñòîð"; VariantName = "[No Variations]"
Add component (AddParameter): Name = "name_main"; Value = "Ð1-12-0,1-"; VariantName = "[No Variations]"
Add component (AddParameter): Name = "nameSuf"; Value = ""; VariantName = "[No Variations]"
Add component (AddParameter): Name = "Tolerance"; Value = "5%"; VariantName = "[No Variations]"
Add component (AddParameter): Name = "Units"; Value = ""; VariantName = "[No Variations]"
Add component (AddParameter): Name = "Value"; Value = "0"; VariantName = "[No Variations]"
Added Component: Designator=R6(RESC1608X05N (0603))
Add component (AddParameter): Name = "Manufacturer"; Value = "ÀËßÐ.434110.005ÒÓ"; VariantName = "[No Variations]"
Add component (AddParameter): Name = "Name"; Value = "Ðåçèñòîð"; VariantName = "[No Variations]"
Add component (AddParameter): Name = "name_main"; Value = "Ð1-12-0,1-"; VariantName = "[No Variations]"
Add component (AddParameter): Name = "nameSuf"; Value = ""; VariantName = "[No Variations]"
Add component (AddParameter): Name = "Tolerance"; Value = "5%"; VariantName = "[No Variations]"
Add component (AddParameter): Name = "Units"; Value = ""; VariantName = "[No Variations]"
Add component (AddParameter): Name = "Value"; Value = "0"; VariantName = "[No Variations]"
Added Component: Designator=R7(RESC1608X05N (0603))
Add component (AddParameter): Name = "Manufacturer"; Value = "ÀËßÐ.434110.005ÒÓ"; VariantName = "[No Variations]"
Add component (AddParameter): Name = "Name"; Value = "Ðåçèñòîð"; VariantName = "[No Variations]"
Add component (AddParameter): Name = "name_main"; Value = "Ð1-12-0,1-"; VariantName = "[No Variations]"
Add component (AddParameter): Name = "nameSuf"; Value = ""; VariantName = "[No Variations]"
Add component (AddParameter): Name = "Tolerance"; Value = "5%"; VariantName = "[No Variations]"
Add component (AddParameter): Name = "Units"; Value = ""; VariantName = "[No Variations]"
Add component (AddParameter): Name = "Value"; Value = "0"; VariantName = "[No Variations]"
Added Component: Designator=R8(RESC1608X05N (0603))
Add component (AddParameter): Name = "Manufacturer"; Value = "ÀËßÐ.434110.005ÒÓ"; VariantName = "[No Variations]"
Add component (AddParameter): Name = "Name"; Value = "Ðåçèñòîð"; VariantName = "[No Variations]"
Add component (AddParameter): Name = "name_main"; Value = "Ð1-12-0,1-"; VariantName = "[No Variations]"
Add component (AddParameter): Name = "nameSuf"; Value = ""; VariantName = "[No Variations]"
Add component (AddParameter): Name = "Tolerance"; Value = "5%"; VariantName = "[No Variations]"
Add component (AddParameter): Name = "Units"; Value = ""; VariantName = "[No Variations]"
Add component (AddParameter): Name = "Value"; Value = "0"; VariantName = "[No Variations]"
Added Component: Designator=R9(RESC1608X05N (0603))
Add component (AddParameter): Name = "Manufacturer"; Value = "ÀËßÐ.434110.005ÒÓ"; VariantName = "[No Variations]"
Add component (AddParameter): Name = "Name"; Value = "Ðåçèñòîð"; VariantName = "[No Variations]"
Add component (AddParameter): Name = "name_main"; Value = "Ð1-12-0,1-"; VariantName = "[No Variations]"
Add component (AddParameter): Name = "nameSuf"; Value = ""; VariantName = "[No Variations]"
Add component (AddParameter): Name = "Tolerance"; Value = "5%"; VariantName = "[No Variations]"
Add component (AddParameter): Name = "Units"; Value = ""; VariantName = "[No Variations]"
Add component (AddParameter): Name = "Value"; Value = "0"; VariantName = "[No Variations]"
Added Component: Designator=R10(RESC1608X05N (0603))
Add component (AddParameter): Name = "Manufacturer"; Value = "ÀËßÐ.434110.005ÒÓ"; VariantName = "[No Variations]"
Add component (AddParameter): Name = "Name"; Value = "Ðåçèñòîð"; VariantName = "[No Variations]"
Add component (AddParameter): Name = "name_main"; Value = "Ð1-12-0,1-"; VariantName = "[No Variations]"
Add component (AddParameter): Name = "nameSuf"; Value = ""; VariantName = "[No Variations]"
Add component (AddParameter): Name = "Tolerance"; Value = "5%"; VariantName = "[No Variations]"
Add component (AddParameter): Name = "Units"; Value = ""; VariantName = "[No Variations]"
Add component (AddParameter): Name = "Value"; Value = "0"; VariantName = "[No Variations]"
Added Component: Designator=R11(RESC1608X05N (0603))
Add component (AddParameter): Name = "Manufacturer"; Value = "ÀËßÐ.434110.005ÒÓ"; VariantName = "[No Variations]"
Add component (AddParameter): Name = "Name"; Value = "Ðåçèñòîð"; VariantName = "[No Variations]"
Add component (AddParameter): Name = "name_main"; Value = "Ð1-12-0,1-"; VariantName = "[No Variations]"
Add component (AddParameter): Name = "nameSuf"; Value = ""; VariantName = "[No Variations]"
Add component (AddParameter): Name = "Tolerance"; Value = "5%"; VariantName = "[No Variations]"
Add component (AddParameter): Name = "Units"; Value = ""; VariantName = "[No Variations]"
Add component (AddParameter): Name = "Value"; Value = "0"; VariantName = "[No Variations]"
Added Component: Designator=R12(RESC1608X05N (0603))
Add component (AddParameter): Name = "Manufacturer"; Value = "ÀËßÐ.434110.005ÒÓ"; VariantName = "[No Variations]"
Add component (AddParameter): Name = "Name"; Value = "Ðåçèñòîð"; VariantName = "[No Variations]"
Add component (AddParameter): Name = "name_main"; Value = "Ð1-12-0,1-"; VariantName = "[No Variations]"
Add component (AddParameter): Name = "nameSuf"; Value = ""; VariantName = "[No Variations]"
Add component (AddParameter): Name = "Tolerance"; Value = "5%"; VariantName = "[No Variations]"
Add component (AddParameter): Name = "Units"; Value = ""; VariantName = "[No Variations]"
Add component (AddParameter): Name = "Value"; Value = "0"; VariantName = "[No Variations]"
Added Component: Designator=R13(RESC1608X05N (0603))
Add component (AddParameter): Name = "Manufacturer"; Value = "ÀËßÐ.434110.005ÒÓ"; VariantName = "[No Variations]"
Add component (AddParameter): Name = "Name"; Value = "Ðåçèñòîð"; VariantName = "[No Variations]"
Add component (AddParameter): Name = "name_main"; Value = "Ð1-12-0,1-"; VariantName = "[No Variations]"
Add component (AddParameter): Name = "nameSuf"; Value = ""; VariantName = "[No Variations]"
Add component (AddParameter): Name = "Tolerance"; Value = "5%"; VariantName = "[No Variations]"
Add component (AddParameter): Name = "Units"; Value = ""; VariantName = "[No Variations]"
Add component (AddParameter): Name = "Value"; Value = "0"; VariantName = "[No Variations]"
Added Component: Designator=R14(RESC1608X05N (0603))
Add component (AddParameter): Name = "Manufacturer"; Value = "ÀËßÐ.434110.005ÒÓ"; VariantName = "[No Variations]"
Add component (AddParameter): Name = "Name"; Value = "Ðåçèñòîð"; VariantName = "[No Variations]"
Add component (AddParameter): Name = "name_main"; Value = "Ð1-12-0,1-"; VariantName = "[No Variations]"
Add component (AddParameter): Name = "nameSuf"; Value = ""; VariantName = "[No Variations]"
Add component (AddParameter): Name = "Tolerance"; Value = "5%"; VariantName = "[No Variations]"
Add component (AddParameter): Name = "Units"; Value = ""; VariantName = "[No Variations]"
Add component (AddParameter): Name = "Value"; Value = "0"; VariantName = "[No Variations]"
Added Component: Designator=R15(RESC1608X05N (0603))
Add component (AddParameter): Name = "Manufacturer"; Value = "ÀËßÐ.434110.005ÒÓ"; VariantName = "[No Variations]"
Add component (AddParameter): Name = "Name"; Value = "Ðåçèñòîð"; VariantName = "[No Variations]"
Add component (AddParameter): Name = "name_main"; Value = "Ð1-12-0,1-"; VariantName = "[No Variations]"
Add component (AddParameter): Name = "nameSuf"; Value = ""; VariantName = "[No Variations]"
Add component (AddParameter): Name = "Tolerance"; Value = "5%"; VariantName = "[No Variations]"
Add component (AddParameter): Name = "Units"; Value = ""; VariantName = "[No Variations]"
Add component (AddParameter): Name = "Value"; Value = "0"; VariantName = "[No Variations]"
Added Component: Designator=R16(RESC1608X05N (0603))
Add component (AddParameter): Name = "Manufacturer"; Value = "ÀËßÐ.434110.005ÒÓ"; VariantName = "[No Variations]"
Add component (AddParameter): Name = "Name"; Value = "Ðåçèñòîð"; VariantName = "[No Variations]"
Add component (AddParameter): Name = "name_main"; Value = "Ð1-12-0,1-"; VariantName = "[No Variations]"
Add component (AddParameter): Name = "nameSuf"; Value = ""; VariantName = "[No Variations]"
Add component (AddParameter): Name = "Tolerance"; Value = "5%"; VariantName = "[No Variations]"
Add component (AddParameter): Name = "Units"; Value = ""; VariantName = "[No Variations]"
Add component (AddParameter): Name = "Value"; Value = "0"; VariantName = "[No Variations]"
Added Component: Designator=R17(RESC1608X05N (0603))
Add component (AddParameter): Name = "Manufacturer"; Value = "ÀËßÐ.434110.005ÒÓ"; VariantName = "[No Variations]"
Add component (AddParameter): Name = "Name"; Value = "Ðåçèñòîð"; VariantName = "[No Variations]"
Add component (AddParameter): Name = "name_main"; Value = "Ð1-12-0,1-"; VariantName = "[No Variations]"
Add component (AddParameter): Name = "nameSuf"; Value = ""; VariantName = "[No Variations]"
Add component (AddParameter): Name = "Tolerance"; Value = "5%"; VariantName = "[No Variations]"
Add component (AddParameter): Name = "Units"; Value = ""; VariantName = "[No Variations]"
Add component (AddParameter): Name = "Value"; Value = "0"; VariantName = "[No Variations]"
Added Component: Designator=R18(RESC1608X05N (0603))
Add component (AddParameter): Name = "Manufacturer"; Value = "ÀËßÐ.434110.005ÒÓ"; VariantName = "[No Variations]"
Add component (AddParameter): Name = "Name"; Value = "Ðåçèñòîð"; VariantName = "[No Variations]"
Add component (AddParameter): Name = "name_main"; Value = "Ð1-12-0,1-"; VariantName = "[No Variations]"
Add component (AddParameter): Name = "nameSuf"; Value = ""; VariantName = "[No Variations]"
Add component (AddParameter): Name = "Tolerance"; Value = "5%"; VariantName = "[No Variations]"
Add component (AddParameter): Name = "Units"; Value = ""; VariantName = "[No Variations]"
Add component (AddParameter): Name = "Value"; Value = "0"; VariantName = "[No Variations]"
Added Component: Designator=R19(RESC1608X05N (0603))
Add component (AddParameter): Name = "Manufacturer"; Value = "ÀËßÐ.434110.005ÒÓ"; VariantName = "[No Variations]"
Add component (AddParameter): Name = "Name"; Value = "Ðåçèñòîð"; VariantName = "[No Variations]"
Add component (AddParameter): Name = "name_main"; Value = "Ð1-12-0,1-"; VariantName = "[No Variations]"
Add component (AddParameter): Name = "nameSuf"; Value = ""; VariantName = "[No Variations]"
Add component (AddParameter): Name = "Tolerance"; Value = "5%"; VariantName = "[No Variations]"
Add component (AddParameter): Name = "Units"; Value = ""; VariantName = "[No Variations]"
Add component (AddParameter): Name = "Value"; Value = "0"; VariantName = "[No Variations]"
Added Pin To Net: NetName=Èìï. 3ÌÃö Pin=R1-2
Added Pin To Net: NetName=Èìï. 0 Pin=R2-2
Added Pin To Net: NetName=Èìï. 1 Pin=R3-2
Added Pin To Net: NetName=Èìï. 2 Pin=R4-2
Added Pin To Net: NetName=Èìï. 3 Pin=R5-2
Added Pin To Net: NetName=Èìï. 4 Pin=R6-2
Added Pin To Net: NetName=Èìï. 5 Pin=R7-2
Added Pin To Net: NetName=Èìï. 6 Pin=R8-2
Added Pin To Net: NetName=Èìï. ÏÇ ÀÏÄ Pin=R9-2
Added Pin To Net: NetName=Èìï. 1 ÏÐÄ 1ê Pin=R10-2
Added Pin To Net: NetName=Èìï. 1 ÏÐÄ 2ê Pin=R11-2
Added Pin To Net: NetName=Ïðèçí. 1ìêñ Pin=R12-2
Added Pin To Net: NetName=Ïðèçí. 2ìêñ Pin=R13-2
Added Pin To Net: NetName=+27Â 2ìêñ Pin=R14-2
Added Pin To Net: NetName=Ëîã.1 Pin=R15-2
Added Pin To Net: NetName=Âíåø. çàï. 15Â Pin=R16-2
Added Pin To Net: NetName=Âíåø. çàï. ëîã. 1 Pin=R17-2
Added Pin To Net: NetName=Ðåæèì Pin=R18-2
Added Pin To Net: NetName=+27Â âêë. 2ìêñ Pin=R19-2
Change Net Name : Old Net Name=NetR2_1 New Net Name=NetR21_1
Change Net Name : Old Net Name=NetR2_2 New Net Name=NetR21_2
Change Net Name : Old Net Name=NetR3_2 New Net Name=NetR22_2
Change Net Name : Old Net Name=NetR6_2 New Net Name=NetR25_2
Change Net Name : Old Net Name=NetR29_2 New Net Name=NetR48_2
Change Net Name : Old Net Name=NetR30_2 New Net Name=NetR49_2
Change Net Name : Old Net Name=NetR31_2 New Net Name=NetR50_2
Change Net Name : Old Net Name=NetR36_1 New Net Name=NetR55_1
Change Net Name : Old Net Name=NetR37_1 New Net Name=NetR56_1
Change Net Name : Old Net Name=NetR47_2 New Net Name=NetR66_2
Change Net Name : Old Net Name=NetR48_2 New Net Name=NetR67_2
Added Pin To Net: NetName=NetR1_1 Pin=R1-1
Added Pin To Net: NetName=NetR1_1 Pin=X1-1
Added Net: Name=NetR1_1
Added Pin To Net: NetName=NetR2_1 Pin=R2-1
Added Pin To Net: NetName=NetR2_1 Pin=X1-2
Added Net: Name=NetR2_1
Added Pin To Net: NetName=NetR3_1 Pin=R3-1
Added Pin To Net: NetName=NetR3_1 Pin=X1-3
Added Net: Name=NetR3_1
Added Pin To Net: NetName=NetR4_1 Pin=R4-1
Added Pin To Net: NetName=NetR4_1 Pin=X1-4
Added Net: Name=NetR4_1
Added Pin To Net: NetName=NetR5_1 Pin=R5-1
Added Pin To Net: NetName=NetR5_1 Pin=X1-5
Added Net: Name=NetR5_1
Added Pin To Net: NetName=NetR6_1 Pin=R6-1
Added Pin To Net: NetName=NetR6_1 Pin=X1-6
Added Net: Name=NetR6_1
Added Pin To Net: NetName=NetR7_1 Pin=R7-1
Added Pin To Net: NetName=NetR7_1 Pin=X1-7
Added Net: Name=NetR7_1
Added Pin To Net: NetName=NetR8_1 Pin=R8-1
Added Pin To Net: NetName=NetR8_1 Pin=X1-8
Added Net: Name=NetR8_1
Added Pin To Net: NetName=NetR9_1 Pin=R9-1
Added Pin To Net: NetName=NetR9_1 Pin=X1-9
Added Net: Name=NetR9_1
Added Pin To Net: NetName=NetR10_1 Pin=R10-1
Added Pin To Net: NetName=NetR10_1 Pin=X1-10
Added Net: Name=NetR10_1
Added Pin To Net: NetName=NetR11_1 Pin=R11-1
Added Pin To Net: NetName=NetR11_1 Pin=X1-11
Added Net: Name=NetR11_1
Added Pin To Net: NetName=NetR12_1 Pin=R12-1
Added Pin To Net: NetName=NetR12_1 Pin=X1-12
Added Net: Name=NetR12_1
Added Pin To Net: NetName=NetR13_1 Pin=R13-1
Added Pin To Net: NetName=NetR13_1 Pin=X1-13
Added Net: Name=NetR13_1
Added Pin To Net: NetName=NetR14_1 Pin=R14-1
Added Pin To Net: NetName=NetR14_1 Pin=X1-14
Added Net: Name=NetR14_1
Added Pin To Net: NetName=NetR15_1 Pin=R15-1
Added Pin To Net: NetName=NetR15_1 Pin=X1-15
Added Net: Name=NetR15_1
Added Pin To Net: NetName=NetR16_1 Pin=R16-1
Added Pin To Net: NetName=NetR16_1 Pin=X1-16
Added Net: Name=NetR16_1
Added Pin To Net: NetName=NetR17_1 Pin=R17-1
Added Pin To Net: NetName=NetR17_1 Pin=X1-17
Added Net: Name=NetR17_1
Added Pin To Net: NetName=NetR18_1 Pin=R18-1
Added Pin To Net: NetName=NetR18_1 Pin=X1-18
Added Net: Name=NetR18_1
Added Pin To Net: NetName=NetR19_1 Pin=R19-1
Added Pin To Net: NetName=NetR19_1 Pin=X1-19
Added Net: Name=NetR19_1
Added Member To Class: ClassName=RB2_My Member=Component R49 Ð1-12-0,125-1ê5%
Added Member To Class: ClassName=RB2_My Member=Component R50 Ð1-12-0,125-1ê5%
Added Member To Class: ClassName=RB2_My Member=Component R51 Ð1-12-0,125-0,155%
Added Member To Class: ClassName=RB2_My Member=Component R52 Ð1-12-0,125-10êÎì5%
Added Member To Class: ClassName=RB2_My Member=Component R53 Ð1-12-0,125-10êÎì5%
Added Member To Class: ClassName=RB2_My Member=Component R54 Ð1-12-0,125-10êÎì5%
Added Member To Class: ClassName=RB2_My Member=Component R55 Ð1-12-0,125-10êÎì5%
Added Member To Class: ClassName=RB2_My Member=Component R56 Ð1-12-0,125-10êÎì5%
Added Member To Class: ClassName=RB2_My Member=Component R57 Ð1-12-0,125-10êÎì5%
Added Member To Class: ClassName=RB2_My Member=Component R58 Ð1-12-0,125-10êÎì5%
Added Member To Class: ClassName=RB2_My Member=Component R59 Ð1-12-0,125-10êÎì5%
Added Member To Class: ClassName=RB2_My Member=Component R60 Ð1-12-0,125-10êÎì5%
Added Member To Class: ClassName=RB2_My Member=Component R61 Ð1-12-0,125-10êÎì5%
Added Member To Class: ClassName=RB2_My Member=Component R62 Ð1-12-0,125-10êÎì5%
Added Member To Class: ClassName=RB2_My Member=Component R63 Ð1-12-0,125-10êÎì5%
Added Member To Class: ClassName=RB2_My Member=Component R64 Ð1-12-0,125-10êÎì5%
Added Member To Class: ClassName=RB2_My Member=Component R65 Ð1-12-0,1-0,155%
Added Member To Class: ClassName=RB2_My Member=Component R66 Ð1-12-0,1-0,155%
Added Member To Class: ClassName=RB2_My Member=Component R67 Ð1-12-0,1-0,155%
