Replace Part C1 CapTan in D:\Users\User\Documents\GitHub\RB2_My\RB2_My\RB2_My.SchDoc with CapTan from RB.SCHLIB
Replace Part C2 CapTan in D:\Users\User\Documents\GitHub\RB2_My\RB2_My\RB2_My.SchDoc with CapTan from RB.SCHLIB
Replace Part C3 CapCer in D:\Users\User\Documents\GitHub\RB2_My\RB2_My\RB2_My.SchDoc with CapCer from RB.SCHLIB
Replace Part C4 CapCer in D:\Users\User\Documents\GitHub\RB2_My\RB2_My\RB2_My.SchDoc with CapCer from RB.SCHLIB
Replace Part C5 CapCer in D:\Users\User\Documents\GitHub\RB2_My\RB2_My\RB2_My.SchDoc with CapCer from RB.SCHLIB
Replace Part C6 CapCer in D:\Users\User\Documents\GitHub\RB2_My\RB2_My\RB2_My.SchDoc with CapCer from RB.SCHLIB
Replace Part C7 CapCer in D:\Users\User\Documents\GitHub\RB2_My\RB2_My\RB2_My.SchDoc with CapCer from RB.SCHLIB
Replace Part C8 CapCer_2 in D:\Users\User\Documents\GitHub\RB2_My\RB2_My\RB2_My.SchDoc with CapCer_2 from RB.SCHLIB
Replace Part C9 CapCer_2 in D:\Users\User\Documents\GitHub\RB2_My\RB2_My\RB2_My.SchDoc with CapCer_2 from RB.SCHLIB
Replace Part C10 CapCer in D:\Users\User\Documents\GitHub\RB2_My\RB2_My\RB2_My.SchDoc with CapCer from RB.SCHLIB
Replace Part C11 CapCer in D:\Users\User\Documents\GitHub\RB2_My\RB2_My\RB2_My.SchDoc with CapCer from RB.SCHLIB
Replace Part C12 CapCer in D:\Users\User\Documents\GitHub\RB2_My\RB2_My\RB2_My.SchDoc with CapCer from RB.SCHLIB
Replace Part C13 CapCer in D:\Users\User\Documents\GitHub\RB2_My\RB2_My\RB2_My.SchDoc with CapCer from RB.SCHLIB
Replace Part C14 CapTan in D:\Users\User\Documents\GitHub\RB2_My\RB2_My\RB2_My.SchDoc with CapTan from RB.SCHLIB
Replace Part C15 CapCer_1 in D:\Users\User\Documents\GitHub\RB2_My\RB2_My\RB2_My.SchDoc with CapCer_1 from RB.SCHLIB
Replace Part C16 CapCer_1 in D:\Users\User\Documents\GitHub\RB2_My\RB2_My\RB2_My.SchDoc with CapCer_1 from RB.SCHLIB
Replace Part C17 CapCer_1 in D:\Users\User\Documents\GitHub\RB2_My\RB2_My\RB2_My.SchDoc with CapCer_1 from RB.SCHLIB
Replace Part C18 CapCer_1 in D:\Users\User\Documents\GitHub\RB2_My\RB2_My\RB2_My.SchDoc with CapCer_1 from RB.SCHLIB
Replace Part C19 CapCer_1 in D:\Users\User\Documents\GitHub\RB2_My\RB2_My\RB2_My.SchDoc with CapCer_1 from RB.SCHLIB
Replace Part DA1 Stabil in D:\Users\User\Documents\GitHub\RB2_My\RB2_My\RB2_My.SchDoc with Stabil from RB.SCHLIB
Replace Part DA2 1986бе93 in D:\Users\User\Documents\GitHub\RB2_My\RB2_My\RB2_My.SchDoc with 1986бе93 from RB.SCHLIB
Replace Part DD1 5559хм4с in D:\Users\User\Documents\GitHub\RB2_My\RB2_My\RB2_My.SchDoc with 5559хм4с from RB.SCHLIB
Replace Part R1 Res_7 in D:\Users\User\Documents\GitHub\RB2_My\RB2_My\RB2_My.SchDoc with Res_7 from RB.SCHLIB
Replace Part R2 Res_1 in D:\Users\User\Documents\GitHub\RB2_My\RB2_My\RB2_My.SchDoc with Res_1 from RB.SCHLIB
Replace Part R3 Res in D:\Users\User\Documents\GitHub\RB2_My\RB2_My\RB2_My.SchDoc with Res from RB.SCHLIB
Replace Part R4 Res_8 in D:\Users\User\Documents\GitHub\RB2_My\RB2_My\RB2_My.SchDoc with Res_8 from RB.SCHLIB
Replace Part R5 Res_3 in D:\Users\User\Documents\GitHub\RB2_My\RB2_My\RB2_My.SchDoc with Res_3 from RB.SCHLIB
Replace Part R6 Res_3 in D:\Users\User\Documents\GitHub\RB2_My\RB2_My\RB2_My.SchDoc with Res_3 from RB.SCHLIB
Replace Part R7 Res_7 in D:\Users\User\Documents\GitHub\RB2_My\RB2_My\RB2_My.SchDoc with Res_7 from RB.SCHLIB
Replace Part R8 Res_4 in D:\Users\User\Documents\GitHub\RB2_My\RB2_My\RB2_My.SchDoc with Res_4 from RB.SCHLIB
Replace Part R9 Res_7 in D:\Users\User\Documents\GitHub\RB2_My\RB2_My\RB2_My.SchDoc with Res_7 from RB.SCHLIB
Replace Part R10 Res_7 in D:\Users\User\Documents\GitHub\RB2_My\RB2_My\RB2_My.SchDoc with Res_7 from RB.SCHLIB
Replace Part R11 Res_4 in D:\Users\User\Documents\GitHub\RB2_My\RB2_My\RB2_My.SchDoc with Res_4 from RB.SCHLIB
Replace Part R12 Res_4 in D:\Users\User\Documents\GitHub\RB2_My\RB2_My\RB2_My.SchDoc with Res_4 from RB.SCHLIB
Replace Part R13 Res_5 in D:\Users\User\Documents\GitHub\RB2_My\RB2_My\RB2_My.SchDoc with Res_5 from RB.SCHLIB
Replace Part R14 Res_4 in D:\Users\User\Documents\GitHub\RB2_My\RB2_My\RB2_My.SchDoc with Res_4 from RB.SCHLIB
Replace Part R15 Res_2 in D:\Users\User\Documents\GitHub\RB2_My\RB2_My\RB2_My.SchDoc with Res_2 from RB.SCHLIB
Replace Part R16 Res_5 in D:\Users\User\Documents\GitHub\RB2_My\RB2_My\RB2_My.SchDoc with Res_5 from RB.SCHLIB
Replace Part R17 Res_5 in D:\Users\User\Documents\GitHub\RB2_My\RB2_My\RB2_My.SchDoc with Res_5 from RB.SCHLIB
Replace Part R18 Res_7 in D:\Users\User\Documents\GitHub\RB2_My\RB2_My\RB2_My.SchDoc with Res_7 from RB.SCHLIB
Replace Part R19 Res_7 in D:\Users\User\Documents\GitHub\RB2_My\RB2_My\RB2_My.SchDoc with Res_7 from RB.SCHLIB
Replace Part R20 Res_7 in D:\Users\User\Documents\GitHub\RB2_My\RB2_My\RB2_My.SchDoc with Res_7 from RB.SCHLIB
Replace Part R21 Res_6 in D:\Users\User\Documents\GitHub\RB2_My\RB2_My\RB2_My.SchDoc with Res_6 from RB.SCHLIB
Replace Part R22 Res_6 in D:\Users\User\Documents\GitHub\RB2_My\RB2_My\RB2_My.SchDoc with Res_6 from RB.SCHLIB
Replace Part R23 Res_6 in D:\Users\User\Documents\GitHub\RB2_My\RB2_My\RB2_My.SchDoc with Res_6 from RB.SCHLIB
Replace Part R24 Res_6 in D:\Users\User\Documents\GitHub\RB2_My\RB2_My\RB2_My.SchDoc with Res_6 from RB.SCHLIB
Replace Part R25 Res_7 in D:\Users\User\Documents\GitHub\RB2_My\RB2_My\RB2_My.SchDoc with Res_7 from RB.SCHLIB
Replace Part R26 Res_7 in D:\Users\User\Documents\GitHub\RB2_My\RB2_My\RB2_My.SchDoc with Res_7 from RB.SCHLIB
Replace Part R27 Res_7 in D:\Users\User\Documents\GitHub\RB2_My\RB2_My\RB2_My.SchDoc with Res_7 from RB.SCHLIB
Replace Part R28 Res_7 in D:\Users\User\Documents\GitHub\RB2_My\RB2_My\RB2_My.SchDoc with Res_7 from RB.SCHLIB
Replace Part R29 Res_8 in D:\Users\User\Documents\GitHub\RB2_My\RB2_My\RB2_My.SchDoc with Res_8 from RB.SCHLIB
Replace Part R30 Res_8 in D:\Users\User\Documents\GitHub\RB2_My\RB2_My\RB2_My.SchDoc with Res_8 from RB.SCHLIB
Replace Part R31 Res_8 in D:\Users\User\Documents\GitHub\RB2_My\RB2_My\RB2_My.SchDoc with Res_8 from RB.SCHLIB
Replace Part R32 Res_4 in D:\Users\User\Documents\GitHub\RB2_My\RB2_My\RB2_My.SchDoc with Res_4 from RB.SCHLIB
Replace Part R33 Res_7 in D:\Users\User\Documents\GitHub\RB2_My\RB2_My\RB2_My.SchDoc with Res_7 from RB.SCHLIB
Replace Part R34 Res_7 in D:\Users\User\Documents\GitHub\RB2_My\RB2_My\RB2_My.SchDoc with Res_7 from RB.SCHLIB
Replace Part R35 Res_7 in D:\Users\User\Documents\GitHub\RB2_My\RB2_My\RB2_My.SchDoc with Res_7 from RB.SCHLIB
Replace Part R36 Res_7 in D:\Users\User\Documents\GitHub\RB2_My\RB2_My\RB2_My.SchDoc with Res_7 from RB.SCHLIB
Replace Part R37 Res_7 in D:\Users\User\Documents\GitHub\RB2_My\RB2_My\RB2_My.SchDoc with Res_7 from RB.SCHLIB
Replace Part R38 Res_7 in D:\Users\User\Documents\GitHub\RB2_My\RB2_My\RB2_My.SchDoc with Res_7 from RB.SCHLIB
Replace Part R39 Res_7 in D:\Users\User\Documents\GitHub\RB2_My\RB2_My\RB2_My.SchDoc with Res_7 from RB.SCHLIB
Replace Part R40 Res_7 in D:\Users\User\Documents\GitHub\RB2_My\RB2_My\RB2_My.SchDoc with Res_7 from RB.SCHLIB
Replace Part R41 Res_7 in D:\Users\User\Documents\GitHub\RB2_My\RB2_My\RB2_My.SchDoc with Res_7 from RB.SCHLIB
Replace Part R42 Res_7 in D:\Users\User\Documents\GitHub\RB2_My\RB2_My\RB2_My.SchDoc with Res_7 from RB.SCHLIB
Replace Part R43 Res_7 in D:\Users\User\Documents\GitHub\RB2_My\RB2_My\RB2_My.SchDoc with Res_7 from RB.SCHLIB
Replace Part R44 Res_7 in D:\Users\User\Documents\GitHub\RB2_My\RB2_My\RB2_My.SchDoc with Res_7 from RB.SCHLIB
Replace Part R45 Res_7 in D:\Users\User\Documents\GitHub\RB2_My\RB2_My\RB2_My.SchDoc with Res_7 from RB.SCHLIB
Replace Part R46 Res_4 in D:\Users\User\Documents\GitHub\RB2_My\RB2_My\RB2_My.SchDoc with Res_4 from RB.SCHLIB
Replace Part R47 Res_4 in D:\Users\User\Documents\GitHub\RB2_My\RB2_My\RB2_My.SchDoc with Res_4 from RB.SCHLIB
Replace Part R48 Res_4 in D:\Users\User\Documents\GitHub\RB2_My\RB2_My\RB2_My.SchDoc with Res_4 from RB.SCHLIB
Replace Part SA1 Switch in D:\Users\User\Documents\GitHub\RB2_My\RB2_My\RB2_My.SchDoc with Switch from RB.SCHLIB
Replace Part SA1 Switch in D:\Users\User\Documents\GitHub\RB2_My\RB2_My\RB2_My.SchDoc with Switch from RB.SCHLIB
Replace Part VD1 2я127д-1 in D:\Users\User\Documents\GitHub\RB2_My\RB2_My\RB2_My.SchDoc with 2я127д-1 from RB.SCHLIB
Replace Part VD2 2я127д-1 in D:\Users\User\Documents\GitHub\RB2_My\RB2_My\RB2_My.SchDoc with 2я127д-1 from RB.SCHLIB
Replace Part VD3 2я127д-1 in D:\Users\User\Documents\GitHub\RB2_My\RB2_My\RB2_My.SchDoc with 2я127д-1 from RB.SCHLIB
Replace Part VD4 2я127д-1 in D:\Users\User\Documents\GitHub\RB2_My\RB2_My\RB2_My.SchDoc with 2я127д-1 from RB.SCHLIB
Replace Part VD5 2я127д-1 in D:\Users\User\Documents\GitHub\RB2_My\RB2_My\RB2_My.SchDoc with 2я127д-1 from RB.SCHLIB
Replace Part VD6 Led in D:\Users\User\Documents\GitHub\RB2_My\RB2_My\RB2_My.SchDoc with Led from RB.SCHLIB
Replace Part VD7 Led in D:\Users\User\Documents\GitHub\RB2_My\RB2_My\RB2_My.SchDoc with Led from RB.SCHLIB
Replace Part VD8 Led in D:\Users\User\Documents\GitHub\RB2_My\RB2_My\RB2_My.SchDoc with Led from RB.SCHLIB
Replace Part VT1 2р368ю in D:\Users\User\Documents\GitHub\RB2_My\RB2_My\RB2_My.SchDoc with 2р368ю from RB.SCHLIB
Replace Part X1 ямо268-25по in D:\Users\User\Documents\GitHub\RB2_My\RB2_My\RB2_My.SchDoc with ямо268-25по from RB.SCHLIB
Replace Part X2 GRPM9-62 in D:\Users\User\Documents\GitHub\RB2_My\RB2_My\RB2_My.SchDoc with GRPM9-62 from RB.SCHLIB
Replace Part X2 GRPM9-62 in D:\Users\User\Documents\GitHub\RB2_My\RB2_My\RB2_My.SchDoc with GRPM9-62 from RB.SCHLIB
Replace Part X3 SMA in D:\Users\User\Documents\GitHub\RB2_My\RB2_My\RB2_My.SchDoc with SMA from RB.SCHLIB
Replace Part X4 SMA in D:\Users\User\Documents\GitHub\RB2_My\RB2_My\RB2_My.SchDoc with SMA from RB.SCHLIB
Replace Part X5 ямо347-20бо in D:\Users\User\Documents\GitHub\RB2_My\RB2_My\RB2_My.SchDoc with ямо347-20бо from RB.SCHLIB
Replace Part X6 ямо268-9бо in D:\Users\User\Documents\GitHub\RB2_My\RB2_My\RB2_My.SchDoc with ямо268-9бо from RB.SCHLIB
Replace Part ZQ1 XTAL in D:\Users\User\Documents\GitHub\RB2_My\RB2_My\RB2_My.SchDoc with XTAL from RB.SCHLIB
Replace Part я1 CapCer in D:\Users\User\Documents\GitHub\RB2_My\RB2_My\RB2_My.SchDoc with CapCer from RB.SCHLIB
