Change Component Designator: Old Designator=C13 New Designator=C15
Change Component Designator: Old Designator=C14 New Designator=C16
Change Component Designator: Old Designator=C15 New Designator=C17
Change Component Designator: Old Designator=C16 New Designator=C18
Change Component Designator: Old Designator=C17 New Designator=C19
Change Component Designator: Old Designator=C? New Designator=C13
Change Component Designator: Old Designator=C? New Designator=C14
Change Component Designator: Old Designator=DA? New Designator=DA2
Change Component Designator: Old Designator=DD2 New Designator=DD1
Change Component Designator: Old Designator=R37 New Designator=R36
Change Component Designator: Old Designator=R38 New Designator=R37
Change Component Designator: Old Designator=R39 New Designator=R38
Change Component Designator: Old Designator=R40 New Designator=R39
Change Component Designator: Old Designator=R44 New Designator=R40
Change Component Designator: Old Designator=R45 New Designator=R41
Change Component Designator: Old Designator=R46 New Designator=R42
Change Component Designator: Old Designator=R47 New Designator=R44
Change Component Designator: Old Designator=R48 New Designator=R45
Change Component Designator: Old Designator=R49 New Designator=R46
Change Component Designator: Old Designator=R? New Designator=R34
Change Component Designator: Old Designator=R? New Designator=R35
Change Component Designator: Old Designator=R? New Designator=R43
Change Component Designator: Old Designator=SA? New Designator=SA1
Change Component Designator: Old Designator=SA? New Designator=SA1
Change Component Designator: Old Designator=X11 New Designator=X5
Change Component Designator: Old Designator=X12 New Designator=X6
